Using pre-set license
Built from '2020.3/release' branch; Version is '2020.3.12f1 (b3b2c6512326) revision 11776710'; Using compiler version '192528614'; Build Type 'Release'
OS: 'Windows 10 Home Single Language; OS build 19042.1288; Version 2009; 64bit' Language: 'es' Physical Memory: 8058 MB
BatchMode: 1, IsHumanControllingUs: 0, StartBugReporterOnCrash: 0, Is64bit: 1, IsPro: 0

 COMMAND LINE ARGUMENTS:
C:\Program Files\Unity\Hub\Editor\2020.3.12f1\Editor\Unity.exe
-adb2
-batchMode
-noUpm
-name
AssetImportWorker0
-projectPath
F:/_projects/genero/git/genero/genero
-logFile
Logs/AssetImportWorker0.log
-srvPort
55602
Successfully changed project path to: F:/_projects/genero/git/genero/genero
F:/_projects/genero/git/genero/genero
Using Asset Import Pipeline V2.
Refreshing native plugins compatible for Editor in 215.39 ms, found 3 plugins.
Preloading 0 native plugins for Editor in 0.00 ms.
Initialize engine version: 2020.3.12f1 (b3b2c6512326)
[Subsystems] Discovering subsystems at path C:/Program Files/Unity/Hub/Editor/2020.3.12f1/Editor/Data/Resources/UnitySubsystems
[Subsystems] Discovering subsystems at path F:/_projects/genero/git/genero/genero/Assets
GfxDevice: creating device client; threaded=0
Direct3D:
    Version:  Direct3D 11.0 [level 11.1]
    Renderer: NVIDIA GeForce GTX 1050 (ID=0x1c8d)
    Vendor:   
    VRAM:     4019 MB
    Driver:   27.21.14.6231
Initialize mono
Mono path[0] = 'C:/Program Files/Unity/Hub/Editor/2020.3.12f1/Editor/Data/Managed'
Mono path[1] = 'C:/Program Files/Unity/Hub/Editor/2020.3.12f1/Editor/Data/MonoBleedingEdge/lib/mono/unityjit'
Mono config path = 'C:/Program Files/Unity/Hub/Editor/2020.3.12f1/Editor/Data/MonoBleedingEdge/etc'
Using monoOptions --debugger-agent=transport=dt_socket,embedding=1,server=y,suspend=n,address=127.0.0.1:56488
Begin MonoManager ReloadAssembly
Registering precompiled unity dll's ...
Register platform support module: C:/Program Files/Unity/Hub/Editor/2020.3.12f1/Editor/Data/PlaybackEngines/WebGLSupport/UnityEditor.WebGL.Extensions.dll
Register platform support module: C:/Program Files/Unity/Hub/Editor/2020.3.12f1/Editor/Data/PlaybackEngines/WindowsStandaloneSupport/UnityEditor.WindowsStandalone.Extensions.dll
Registered in 0.003423 seconds.
Native extension for WindowsStandalone target not found
Native extension for WebGL target not found
Refreshing native plugins compatible for Editor in 45.63 ms, found 3 plugins.
Preloading 0 native plugins for Editor in 0.00 ms.
Mono: successfully reloaded assembly
- Completed reload, in  4.519 seconds
Platform modules already initialized, skipping
Registering precompiled user dll's ...
Registered in 0.757825 seconds.
Begin MonoManager ReloadAssembly
Native extension for WindowsStandalone target not found
Native extension for WebGL target not found
Refreshing native plugins compatible for Editor in 47.32 ms, found 3 plugins.
Preloading 0 native plugins for Editor in 0.00 ms.
Mono: successfully reloaded assembly
- Completed reload, in  4.441 seconds
Platform modules already initialized, skipping
========================================================================
Worker process is ready to serve import requests
Launched and connected shader compiler UnityShaderCompiler.exe after 0.09 seconds
Refreshing native plugins compatible for Editor in 0.47 ms, found 3 plugins.
Preloading 0 native plugins for Editor in 0.00 ms.
Unloading 2080 Unused Serialized files (Serialized files now loaded: 0)
System memory in use before: 93.0 MB.
System memory in use after: 92.9 MB.

Unloading 33 unused Assets to reduce memory usage. Loaded Objects now: 2513.
Total: 2.918100 ms (FindLiveObjects: 0.298900 ms CreateObjectMapping: 0.181200 ms MarkObjects: 2.224200 ms  DeleteObjects: 0.206700 ms)

AssetImportParameters requested are different than current active one (requested -> active):
  custom:framework-win-MediaFoundation: 216162199b28c13a410421893ffa2e32 -> 
  custom:video-decoder-ogg-theora: a1e56fd34408186e4bbccfd4996cb3dc -> 
  custom:container-muxer-webm: aa71ff27fc2769a1b78a27578f13a17b -> 
  custom:container-demuxer-webm: 4f35f7cbe854078d1ac9338744f61a02 -> 
  custom:container-demuxer-ogg: 62fdf1f143b41e24485cea50d1cbac27 -> 
  custom:video-encoder-webm-vp8: eb34c28f22e8b96e1ab97ce403110664 -> 
  custom:video-codec-MediaFoundation-h265: 746d11721c4dcdbdad8f713fa42b33f4 -> 
  custom:video-decoder-webm-vp8: 9c59270c3fd7afecdb556c50c9e8de78 -> 
  custom:audio-decoder-ogg-vorbis: bf7c407c2cedff20999df2af8eb42d56 -> 
  custom:audio-encoder-webm-vorbis: bf7c407c2cedff20999df2af8eb42d56 -> 
========================================================================
Received Import Request.
  path: Assets/Scenes/Game.unity
  artifactKey: Guid(2cda990e2423bbf4892e6590ba056729) Importer(815301076,1909f56bfc062723c751e8b465ee728b)
Start importing Assets/Scenes/Game.unity using Guid(2cda990e2423bbf4892e6590ba056729) Importer(815301076,1909f56bfc062723c751e8b465ee728b)  -> (artifact id: '41b1d14b1c9cee80b6c568cc75c4166e') in 0.037241 seconds 
  Import took 0.043169 seconds .

========================================================================
Received Prepare
Registering precompiled user dll's ...
Registered in 0.003974 seconds.
Begin MonoManager ReloadAssembly
Native extension for WindowsStandalone target not found
Native extension for WebGL target not found
Refreshing native plugins compatible for Editor in 0.49 ms, found 3 plugins.
Preloading 0 native plugins for Editor in 0.00 ms.
Mono: successfully reloaded assembly
- Completed reload, in  1.323 seconds
Platform modules already initialized, skipping
Refreshing native plugins compatible for Editor in 0.71 ms, found 3 plugins.
Preloading 0 native plugins for Editor in 0.00 ms.
Unloading 2079 Unused Serialized files (Serialized files now loaded: 0)
System memory in use before: 93.0 MB.
System memory in use after: 93.0 MB.

Unloading 21 unused Assets to reduce memory usage. Loaded Objects now: 2521.
Total: 3.360600 ms (FindLiveObjects: 0.317600 ms CreateObjectMapping: 0.090900 ms MarkObjects: 2.814500 ms  DeleteObjects: 0.136300 ms)

AssetImportParameters requested are different than current active one (requested -> active):
  custom:framework-win-MediaFoundation: 216162199b28c13a410421893ffa2e32 -> 
  custom:video-decoder-ogg-theora: a1e56fd34408186e4bbccfd4996cb3dc -> 
  custom:container-muxer-webm: aa71ff27fc2769a1b78a27578f13a17b -> 
  custom:container-demuxer-webm: 4f35f7cbe854078d1ac9338744f61a02 -> 
  custom:container-demuxer-ogg: 62fdf1f143b41e24485cea50d1cbac27 -> 
  custom:video-encoder-webm-vp8: eb34c28f22e8b96e1ab97ce403110664 -> 
  custom:video-codec-MediaFoundation-h265: 746d11721c4dcdbdad8f713fa42b33f4 -> 
  custom:video-decoder-webm-vp8: 9c59270c3fd7afecdb556c50c9e8de78 -> 
  custom:audio-decoder-ogg-vorbis: bf7c407c2cedff20999df2af8eb42d56 -> 
  custom:audio-encoder-webm-vorbis: bf7c407c2cedff20999df2af8eb42d56 -> 
========================================================================
Received Import Request.
  Time since last request: 47.067184 seconds.
  path: Assets/Scenes/Game.unity
  artifactKey: Guid(7b4a311302d969b428776910296e417f) Importer(815301076,1909f56bfc062723c751e8b465ee728b)
Start importing Assets/Scenes/Game.unity using Guid(7b4a311302d969b428776910296e417f) Importer(815301076,1909f56bfc062723c751e8b465ee728b)  -> (artifact id: 'c2f49ef940e4a53508719accc9e338a5') in 0.023886 seconds 
  Import took 0.030125 seconds .

========================================================================
Received Import Request.
  Time since last request: 1.407847 seconds.
  path: Assets/Scenes/Game.unity
  artifactKey: Guid(7b4a311302d969b428776910296e417f) Importer(815301076,1909f56bfc062723c751e8b465ee728b)
Start importing Assets/Scenes/Game.unity using Guid(7b4a311302d969b428776910296e417f) Importer(815301076,1909f56bfc062723c751e8b465ee728b)  -> (artifact id: '096a38e3cd661cc4ba88ebe7ab00e34e') in 0.030672 seconds 
  Import took 0.038547 seconds .

========================================================================
Received Import Request.
  Time since last request: 10.856926 seconds.
  path: Assets/scripts/Events.cs
  artifactKey: Guid(75740eb71cb339a4c91c65cbef28be9f) Importer(815301076,1909f56bfc062723c751e8b465ee728b)
Start importing Assets/scripts/Events.cs using Guid(75740eb71cb339a4c91c65cbef28be9f) Importer(815301076,1909f56bfc062723c751e8b465ee728b)  -> (artifact id: '182fc040d7a38cf4c9fa0bcf1a525454') in 0.047005 seconds 
  Import took 0.051859 seconds .

========================================================================
Received Import Request.
  Time since last request: 17.823409 seconds.
  path: Assets/animations/ui_timeline_idle.anim
  artifactKey: Guid(918fa8c66b55cb746bd5ee8270d451e9) Importer(815301076,1909f56bfc062723c751e8b465ee728b)
Start importing Assets/animations/ui_timeline_idle.anim using Guid(918fa8c66b55cb746bd5ee8270d451e9) Importer(815301076,1909f56bfc062723c751e8b465ee728b)  -> (artifact id: '828086e4bccab26b7f53f0ca24fd0ab1') in 0.041423 seconds 
  Import took 0.048899 seconds .

========================================================================
Received Import Request.
  Time since last request: 0.002423 seconds.
  path: Assets/animations/ui_timeline_idle.anim
  artifactKey: Guid(918fa8c66b55cb746bd5ee8270d451e9) Importer(815301076,1909f56bfc062723c751e8b465ee728b)
Start importing Assets/animations/ui_timeline_idle.anim using Guid(918fa8c66b55cb746bd5ee8270d451e9) Importer(815301076,1909f56bfc062723c751e8b465ee728b)  -> (artifact id: '828086e4bccab26b7f53f0ca24fd0ab1') in 0.046907 seconds 
  Import took 0.063068 seconds .

========================================================================
Received Import Request.
  Time since last request: 6.177824 seconds.
  path: Assets/prefabs/finalButton.prefab
  artifactKey: Guid(a415c7b318cff104ba17794b9950d659) Importer(815301076,1909f56bfc062723c751e8b465ee728b)
Start importing Assets/prefabs/finalButton.prefab using Guid(a415c7b318cff104ba17794b9950d659) Importer(815301076,1909f56bfc062723c751e8b465ee728b)  -> (artifact id: '07e1bd8c4f5a2bdec649db5d9e2947b0') in 0.086353 seconds 
  Import took 0.091631 seconds .

========================================================================
Received Import Request.
  Time since last request: 0.975088 seconds.
  path: Assets/prefabs/PopupPhoto.prefab
  artifactKey: Guid(9997c77c30aa86844b41bea71a96ea60) Importer(815301076,1909f56bfc062723c751e8b465ee728b)
Start importing Assets/prefabs/PopupPhoto.prefab using Guid(9997c77c30aa86844b41bea71a96ea60) Importer(815301076,1909f56bfc062723c751e8b465ee728b)  -> (artifact id: 'b9d49ee0204e2197cb6dc1842101668a') in 0.026084 seconds 
  Import took 0.034332 seconds .

AssetImportWorkerClient::OnTransportError - code=2 error=End of file
